ELF Header:
 magic number:  0x7f 0x45 0x4c 0x46 0x2 0x1 0x1 0x0 0x0 0x0 0x0 0x0 0x0 0x0 0x0 0x0
 Class:  ELFCLASS64
 Data:  ELFDATA2LSB
 Version:  0x1
 OS/ABI:  UNIX Syetem V
 ABI Version:   0x0
 Type:  ET_EXEC
 Machine:  
 Version:  1
 Entry point address:  0x100b0
 Start of program headers:  64 bytes into file
 Start of section headers:  18720 bytes into file
 Flags:  0x5
 Size of this header:  64 Bytes
 Size of program headers:  56 Bytes
 Number of program headers:  2
 Size of section headers:  64 Bytes
 Number of section headers:  13
 Section header string table index:  12


Section Headers:
[  0]  Name:   Type: SHT_NULL  Address: 0x0  Offest: 0  Size: 0  Entsize: 0  Flags:   Link: 0  Info: 0  Align: 0
[  1]  Name: .text  Type: SHT_PROGBITS  Address: 0x100b0  Offest: 176  Size: 3542  Entsize: 0  Flags:   Link: 0  Info: 0  Align: 4
[  2]  Name: .eh_frame  Type: SHT_PROGBITS  Address: 0x10e88  Offest: 3720  Size: 356  Entsize: 0  Flags: SHF_ALLOC  Link: 0  Info: 0  Align: 8
[  3]  Name: .init_array  Type:   Address: 0x11000  Offest: 4096  Size: 8  Entsize: 8  Flags:   Link: 0  Info: 0  Align: 8
[  4]  Name: .fini_array  Type:   Address: 0x11008  Offest: 4104  Size: 8  Entsize: 8  Flags:   Link: 0  Info: 0  Align: 8
[  5]  Name: .data  Type: SHT_PROGBITS  Address: 0x11010  Offest: 4112  Size: 10872  Entsize: 0  Flags:   Link: 0  Info: 0  Align: 8
[  6]  Name: .sdata  Type: SHT_PROGBITS  Address: 0x13a88  Offest: 14984  Size: 24  Entsize: 0  Flags:   Link: 0  Info: 0  Align: 8
[  7]  Name: .sbss  Type: SHT_NOBITS  Address: 0x13aa0  Offest: 15008  Size: 8  Entsize: 0  Flags:   Link: 0  Info: 0  Align: 8
[  8]  Name: .bss  Type: SHT_NOBITS  Address: 0x13aa8  Offest: 15008  Size: 2576  Entsize: 0  Flags:   Link: 0  Info: 0  Align: 8
[  9]  Name: .comment  Type: SHT_PROGBITS  Address: 0x0  Offest: 15008  Size: 26  Entsize: 1  Flags:   Link: 0  Info: 0  Align: 1
[ 10]  Name: .symtab  Type: SHT_SYMTAB  Address: 0x0  Offest: 15040  Size: 2592  Entsize: 24  Flags:   Link: 11  Info: 44  Align: 8
[ 11]  Name: .strtab  Type: SHT_STRTAB  Address: 0x0  Offest: 17632  Size: 986  Entsize: 0  Flags:   Link: 0  Info: 0  Align: 1
[ 12]  Name: .shstrtab  Type: SHT_STRTAB  Address: 0x0  Offest: 18618  Size: 100  Entsize: 0  Flags:   Link: 0  Info: 0  Align: 1


Program Headers:
[  0]  Type: PT_LOAD  Flags: RX  Offset: 0  VirtAddr: 0x10000  PhysAddr: 0x10000  FileSiz: 4076  MemSiz: 4076  Align: 4096
[  1]  Type: PT_LOAD  Flags: RW  Offset: 4096  VirtAddr: 0x11000  PhysAddr: 0x11000  FileSiz: 10912  MemSiz: 13496  Align: 4096


Symbol table:
[  0]  Name:   Bind: STB_LOCAL  Type: STT_NOTYPE  NDX: 0  Size: 0  Value: 0x0
[  1]  Name:   Bind: STB_LOCAL  Type: STT_SECTION  NDX: 1  Size: 0  Value: 0x100b0
[  2]  Name:   Bind: STB_LOCAL  Type: STT_SECTION  NDX: 2  Size: 0  Value: 0x10e88
[  3]  Name:   Bind: STB_LOCAL  Type: STT_SECTION  NDX: 3  Size: 0  Value: 0x11000
[  4]  Name:   Bind: STB_LOCAL  Type: STT_SECTION  NDX: 4  Size: 0  Value: 0x11008
[  5]  Name:   Bind: STB_LOCAL  Type: STT_SECTION  NDX: 5  Size: 0  Value: 0x11010
[  6]  Name:   Bind: STB_LOCAL  Type: STT_SECTION  NDX: 6  Size: 0  Value: 0x13a88
[  7]  Name:   Bind: STB_LOCAL  Type: STT_SECTION  NDX: 7  Size: 0  Value: 0x13aa0
[  8]  Name:   Bind: STB_LOCAL  Type: STT_SECTION  NDX: 8  Size: 0  Value: 0x13aa8
[  9]  Name:   Bind: STB_LOCAL  Type: STT_SECTION  NDX: 9  Size: 0  Value: 0x0
[ 10]  Name: crtstuff.c  Bind: STB_LOCAL  Type: STT_FILE  NDX: -15  Size: 0  Value: 0x0
[ 11]  Name: __EH_FRAME_BEGIN__  Bind: STB_LOCAL  Type: STT_OBJECT  NDX: 2  Size: 0  Value: 0x10e88
[ 12]  Name: deregister_tm_clones  Bind: STB_LOCAL  Type: STT_FUNC  NDX: 1  Size: 0  Value: 0x100f8
[ 13]  Name: register_tm_clones  Bind: STB_LOCAL  Type: STT_FUNC  NDX: 1  Size: 0  Value: 0x1011c
[ 14]  Name: __do_global_dtors_aux  Bind: STB_LOCAL  Type: STT_FUNC  NDX: 1  Size: 0  Value: 0x10148
[ 15]  Name: completed.5184  Bind: STB_LOCAL  Type: STT_OBJECT  NDX: 8  Size: 1  Value: 0x13aa8
[ 16]  Name: __do_global_dtors_aux_fini_array_entry  Bind: STB_LOCAL  Type: STT_OBJECT  NDX: 4  Size: 0  Value: 0x11008
[ 17]  Name: frame_dummy  Bind: STB_LOCAL  Type: STT_FUNC  NDX: 1  Size: 0  Value: 0x10182
[ 18]  Name: object.5189  Bind: STB_LOCAL  Type: STT_OBJECT  NDX: 8  Size: 48  Value: 0x13ab0
[ 19]  Name: __frame_dummy_init_array_entry  Bind: STB_LOCAL  Type: STT_OBJECT  NDX: 3  Size: 0  Value: 0x11000
[ 20]  Name: Benckmark.cpp  Bind: STB_LOCAL  Type: STT_FILE  NDX: -15  Size: 0  Value: 0x0
[ 21]  Name: atexit.c  Bind: STB_LOCAL  Type: STT_FILE  NDX: -15  Size: 0  Value: 0x0
[ 22]  Name: exit.c  Bind: STB_LOCAL  Type: STT_FILE  NDX: -15  Size: 0  Value: 0x0
[ 23]  Name: fini.c  Bind: STB_LOCAL  Type: STT_FILE  NDX: -15  Size: 0  Value: 0x0
[ 24]  Name: impure.c  Bind: STB_LOCAL  Type: STT_FILE  NDX: -15  Size: 0  Value: 0x0
[ 25]  Name: impure_data  Bind: STB_LOCAL  Type: STT_OBJECT  NDX: 5  Size: 1864  Value: 0x13340
[ 26]  Name: init.c  Bind: STB_LOCAL  Type: STT_FILE  NDX: -15  Size: 0  Value: 0x0
[ 27]  Name: __atexit.c  Bind: STB_LOCAL  Type: STT_FILE  NDX: -15  Size: 0  Value: 0x0
[ 28]  Name: __call_atexit.c  Bind: STB_LOCAL  Type: STT_FILE  NDX: -15  Size: 0  Value: 0x0
[ 29]  Name: syscalls.c  Bind: STB_LOCAL  Type: STT_FILE  NDX: -15  Size: 0  Value: 0x0
[ 30]  Name: conv_stat  Bind: STB_LOCAL  Type: STT_FUNC  NDX: 1  Size: 65  Value: 0x10a7a
[ 31]  Name: __internal_syscall  Bind: STB_LOCAL  Type: STT_FUNC  NDX: 1  Size: 27  Value: 0x10adc
[ 32]  Name: heap_end.2611  Bind: STB_LOCAL  Type: STT_OBJECT  NDX: 7  Size: 8  Value: 0x13aa0
[ 33]  Name: t0.2574  Bind: STB_LOCAL  Type: STT_OBJECT  NDX: 8  Size: 16  Value: 0x144a8
[ 34]  Name: errno.c  Bind: STB_LOCAL  Type: STT_FILE  NDX: -15  Size: 0  Value: 0x0
[ 35]  Name: crtstuff.c  Bind: STB_LOCAL  Type: STT_FILE  NDX: -15  Size: 0  Value: 0x0
[ 36]  Name: __FRAME_END__  Bind: STB_LOCAL  Type: STT_OBJECT  NDX: 2  Size: 0  Value: 0x10fe8
[ 37]  Name:   Bind: STB_LOCAL  Type: STT_FILE  NDX: -15  Size: 0  Value: 0x0
[ 38]  Name: __fini_array_end  Bind: STB_LOCAL  Type: STT_NOTYPE  NDX: 4  Size: 0  Value: 0x11010
[ 39]  Name: __fini_array_start  Bind: STB_LOCAL  Type: STT_NOTYPE  NDX: 4  Size: 0  Value: 0x11008
[ 40]  Name: __init_array_end  Bind: STB_LOCAL  Type: STT_NOTYPE  NDX: 3  Size: 0  Value: 0x11008
[ 41]  Name: __preinit_array_end  Bind: STB_LOCAL  Type: STT_NOTYPE  NDX: 3  Size: 0  Value: 0x11000
[ 42]  Name: __init_array_start  Bind: STB_LOCAL  Type: STT_NOTYPE  NDX: 3  Size: 0  Value: 0x11000
[ 43]  Name: __preinit_array_start  Bind: STB_LOCAL  Type: STT_NOTYPE  NDX: 3  Size: 0  Value: 0x11000
[ 44]  Name: fstatat  Bind: STB_GLOBAL  Type: STT_FUNC  NDX: 1  Size: 57  Value: 0x10c0a
[ 45]  Name: _Z9partationiii  Bind: STB_GLOBAL  Type: STT_FUNC  NDX: 1  Size: 391  Value: 0x101f8
[ 46]  Name: sysconf  Bind: STB_GLOBAL  Type: STT_FUNC  NDX: 1  Size: 19  Value: 0x10df4
[ 47]  Name: __global_pointer$  Bind: STB_GLOBAL  Type: STT_NOTYPE  NDX: 6  Size: 0  Value: 0x14288
[ 48]  Name: utime  Bind: STB_GLOBAL  Type: STT_FUNC  NDX: 1  Size: 3  Value: 0x10de0
[ 49]  Name: b  Bind: STB_GLOBAL  Type: STT_OBJECT  NDX: 5  Size: 2500  Value: 0x11fb0
[ 50]  Name: faccessat  Bind: STB_GLOBAL  Type: STT_FUNC  NDX: 1  Size: 31  Value: 0x10c60
[ 51]  Name: __errno  Bind: STB_GLOBAL  Type: STT_FUNC  NDX: 1  Size: 5  Value: 0x10e7e
[ 52]  Name: times  Bind: STB_GLOBAL  Type: STT_FUNC  NDX: 1  Size: 97  Value: 0x10d72
[ 53]  Name: execve  Bind: STB_GLOBAL  Type: STT_FUNC  NDX: 1  Size: 23  Value: 0x10cd8
[ 54]  Name: getpid  Bind: STB_GLOBAL  Type: STT_FUNC  NDX: 1  Size: 3  Value: 0x10d04
[ 55]  Name: __TMC_END__  Bind: STB_GLOBAL  Type: STT_OBJECT  NDX: 6  Size: 0  Value: 0x13a88
[ 56]  Name: _Z8ackermanii  Bind: STB_GLOBAL  Type: STT_FUNC  NDX: 1  Size: 151  Value: 0x10460
[ 57]  Name: _Z9quicksortii  Bind: STB_GLOBAL  Type: STT_FUNC  NDX: 1  Size: 223  Value: 0x10380
[ 58]  Name: isatty  Bind: STB_GLOBAL  Type: STT_FUNC  NDX: 1  Size: 29  Value: 0x10d34
[ 59]  Name: _Z4swapPiS_  Bind: STB_GLOBAL  Type: STT_FUNC  NDX: 1  Size: 75  Value: 0x101ac
[ 60]  Name: __dso_handle  Bind: STB_GLOBAL  Type: STT_OBJECT  NDX: 6  Size: 0  Value: 0x13a88
[ 61]  Name: lseek  Bind: STB_GLOBAL  Type: STT_FUNC  NDX: 1  Size: 19  Value: 0x10b34
[ 62]  Name: _global_impure_ptr  Bind: STB_GLOBAL  Type: STT_OBJECT  NDX: 6  Size: 8  Value: 0x13a90
[ 63]  Name: chown  Bind: STB_GLOBAL  Type: STT_FUNC  NDX: 1  Size: 3  Value: 0x10de4
[ 64]  Name: __libc_init_array  Bind: STB_GLOBAL  Type: STT_FUNC  NDX: 1  Size: 101  Value: 0x1084e
[ 65]  Name: chmod  Bind: STB_GLOBAL  Type: STT_FUNC  NDX: 1  Size: 3  Value: 0x10de8
[ 66]  Name: _init  Bind: STB_GLOBAL  Type: STT_FUNC  NDX: 1  Size: 2  Value: 0x100f6
[ 67]  Name: __libc_fini_array  Bind: STB_GLOBAL  Type: STT_FUNC  NDX: 1  Size: 75  Value: 0x10800
[ 68]  Name: write  Bind: STB_GLOBAL  Type: STT_FUNC  NDX: 1  Size: 19  Value: 0x10b58
[ 69]  Name: fstat  Bind: STB_GLOBAL  Type: STT_FUNC  NDX: 1  Size: 49  Value: 0x10b6c
[ 70]  Name: kill  Bind: STB_GLOBAL  Type: STT_FUNC  NDX: 1  Size: 19  Value: 0x10d08
[ 71]  Name: chdir  Bind: STB_GLOBAL  Type: STT_FUNC  NDX: 1  Size: 3  Value: 0x10dec
[ 72]  Name: _Z12AllBenchmarkv  Bind: STB_GLOBAL  Type: STT_FUNC  NDX: 1  Size: 55  Value: 0x10760
[ 73]  Name: wait  Bind: STB_GLOBAL  Type: STT_FUNC  NDX: 1  Size: 23  Value: 0x10d1c
[ 74]  Name: __call_exitprocs  Bind: STB_GLOBAL  Type: STT_FUNC  NDX: 1  Size: 175  Value: 0x109c8
[ 75]  Name: _start  Bind: STB_GLOBAL  Type: STT_FUNC  NDX: 1  Size: 70  Value: 0x100b0
[ 76]  Name: lstat  Bind: STB_GLOBAL  Type: STT_FUNC  NDX: 1  Size: 49  Value: 0x10bd8
[ 77]  Name: read  Bind: STB_GLOBAL  Type: STT_FUNC  NDX: 1  Size: 15  Value: 0x10b48
[ 78]  Name: _Z20MatrixMultiplicationv  Bind: STB_GLOBAL  Type: STT_FUNC  NDX: 1  Size: 499  Value: 0x10530
[ 79]  Name: __register_exitproc  Bind: STB_GLOBAL  Type: STT_FUNC  NDX: 1  Size: 101  Value: 0x10960
[ 80]  Name: unlink  Bind: STB_GLOBAL  Type: STT_FUNC  NDX: 1  Size: 27  Value: 0x10cbc
[ 81]  Name: c  Bind: STB_GLOBAL  Type: STT_OBJECT  NDX: 5  Size: 2500  Value: 0x12978
[ 82]  Name: fork  Bind: STB_GLOBAL  Type: STT_FUNC  NDX: 1  Size: 19  Value: 0x10cf0
[ 83]  Name: __syscall_error  Bind: STB_GLOBAL  Type: STT_FUNC  NDX: 1  Size: 31  Value: 0x10abc
[ 84]  Name: sbrk  Bind: STB_GLOBAL  Type: STT_FUNC  NDX: 1  Size: 91  Value: 0x10e08
[ 85]  Name: gettimeofday  Bind: STB_GLOBAL  Type: STT_FUNC  NDX: 1  Size: 31  Value: 0x10d52
[ 86]  Name: __bss_start  Bind: STB_GLOBAL  Type: STT_NOTYPE  NDX: 7  Size: 0  Value: 0x13aa0
[ 87]  Name: memset  Bind: STB_GLOBAL  Type: STT_FUNC  NDX: 1  Size: 170  Value: 0x108b6
[ 88]  Name: main  Bind: STB_GLOBAL  Type: STT_FUNC  NDX: 1  Size: 47  Value: 0x10798
[ 89]  Name: d  Bind: STB_GLOBAL  Type: STT_OBJECT  NDX: 8  Size: 2500  Value: 0x13ae0
[ 90]  Name: getcwd  Bind: STB_GLOBAL  Type: STT_FUNC  NDX: 1  Size: 3  Value: 0x10df0
[ 91]  Name: _fini  Bind: STB_GLOBAL  Type: STT_FUNC  NDX: 1  Size: 2  Value: 0x100f6
[ 92]  Name: atexit  Bind: STB_GLOBAL  Type: STT_FUNC  NDX: 1  Size: 11  Value: 0x107cc
[ 93]  Name: _impure_ptr  Bind: STB_GLOBAL  Type: STT_OBJECT  NDX: 6  Size: 8  Value: 0x13a98
[ 94]  Name: ftime  Bind: STB_GLOBAL  Type: STT_FUNC  NDX: 1  Size: 11  Value: 0x10dd4
[ 95]  Name: stat  Bind: STB_GLOBAL  Type: STT_FUNC  NDX: 1  Size: 57  Value: 0x10b9e
[ 96]  Name: access  Bind: STB_GLOBAL  Type: STT_FUNC  NDX: 1  Size: 27  Value: 0x10c44
[ 97]  Name: _edata  Bind: STB_GLOBAL  Type: STT_NOTYPE  NDX: 6  Size: 0  Value: 0x13aa0
[ 98]  Name: _end  Bind: STB_GLOBAL  Type: STT_NOTYPE  NDX: 8  Size: 0  Value: 0x144b8
[ 99]  Name: _Z8Ackermanv  Bind: STB_GLOBAL  Type: STT_FUNC  NDX: 1  Size: 59  Value: 0x10724
[100]  Name: link  Bind: STB_GLOBAL  Type: STT_FUNC  NDX: 1  Size: 31  Value: 0x10c9c
[101]  Name: exit  Bind: STB_GLOBAL  Type: STT_FUNC  NDX: 1  Size: 35  Value: 0x107da
[102]  Name: a  Bind: STB_GLOBAL  Type: STT_OBJECT  NDX: 5  Size: 4000  Value: 0x11010
[103]  Name: openat  Bind: STB_GLOBAL  Type: STT_FUNC  NDX: 1  Size: 27  Value: 0x10b18
[104]  Name: _exit  Bind: STB_GLOBAL  Type: STT_FUNC  NDX: 1  Size: 25  Value: 0x10e64
[105]  Name: open  Bind: STB_GLOBAL  Type: STT_FUNC  NDX: 1  Size: 31  Value: 0x10af8
[106]  Name: _Z9QuickSortv  Bind: STB_GLOBAL  Type: STT_FUNC  NDX: 1  Size: 55  Value: 0x104f8
[107]  Name: close  Bind: STB_GLOBAL  Type: STT_FUNC  NDX: 1  Size: 27  Value: 0x10c80
