lui a0, 100
auipc a0, 100
jal a0, L1
jalr a0, a1, 40
beq a0,a1,L1
bne a0, a1,L1
blt a0, a1,L1
bge a0, a1,L1
bltu a0, a1,L1
bgeu a0, a1,L1
sb  a1, 40(a0)
sh  a1, 40(a0)
sw  a1, 40(a0)
L1:
lb  a1, 40(a0)
lh  a1, 40(a0)
lw  a1, 40(a0)
lbu  a1, 40(a0)
lhu  a1, 40(a0)
addi a0, a1, 40
slti a0, a1, 40
sltiu a0, a1, 40
xori a0, a1, 0x77
ori a0, a1, 0x77
andi a0, a1, 0x77
add a0, a1, a2
sub a0, a1, a2
sll a0, a1, a2
slt a0, a1, a2
sltu a0, a1, a2
xor a0, a1, a2
srl a0, a1, a2
sra a0, a1, a2
or a0, a1, a2
and a0, a1, a2
mul  a0, a1, a2
div  a0, a1, a2
divu  a0, a1, a2
rem  a0, a1, a2
remu  a0, a1, a2